Performing C SOURCE FILE Test CMAKE_HAVE_LIBC_PTHREAD failed with the following output:
Change Dir: /home/here/Documents/swirl/apps/quest-openxr-android/app/.cxx/Debug/as2w1336/arm64-v8a/CMakeFiles/CMakeTmp

Run Build Command(s):/home/here/Android/Sdk/cmake/3.22.1/bin/ninja cmTC_cda83 && [1/2] Building C object CMakeFiles/cmTC_cda83.dir/src.c.o
FAILED: CMakeFiles/cmTC_cda83.dir/src.c.o 
/home/here/Android/Sdk/ndk/27.0.12077973/toolchains/llvm/prebuilt/linux-x86_64/bin/clang --target=aarch64-none-linux-android29 --sysroot=/home/here/Android/Sdk/ndk/27.0.12077973/toolchains/llvm/prebuilt/linux-x86_64/sysroot -DCMAKE_HAVE_LIBC_PTHREAD  -g -DANDROID -fdata-sections -ffunction-sections -funwind-tables -fstack-protector-strong -no-canonical-prefixes -D_FORTIFY_SOURCE=2 -Wformat -Werror=format-security   -fPIE -MD -MT CMakeFiles/cmTC_cda83.dir/src.c.o -MF CMakeFiles/cmTC_cda83.dir/src.c.o.d -o CMakeFiles/cmTC_cda83.dir/src.c.o -c /home/here/Documents/swirl/apps/quest-openxr-android/app/.cxx/Debug/as2w1336/arm64-v8a/CMakeFiles/CMakeTmp/src.c
/home/here/Documents/swirl/apps/quest-openxr-android/app/.cxx/Debug/as2w1336/arm64-v8a/CMakeFiles/CMakeTmp/src.c:13:3: error: call to undeclared function 'pthread_cancel'; ISO C99 and later do not support implicit function declarations [-Wimplicit-function-declaration]
   13 |   pthread_cancel(thread);
      |   ^
/home/here/Documents/swirl/apps/quest-openxr-android/app/.cxx/Debug/as2w1336/arm64-v8a/CMakeFiles/CMakeTmp/src.c:13:3: note: did you mean 'pthread_once'?
/home/here/Android/Sdk/ndk/27.0.12077973/toolchains/llvm/prebuilt/linux-x86_64/sysroot/usr/include/pthread.h:264:5: note: 'pthread_once' declared here
  264 | int pthread_once(pthread_once_t* _Nonnull __once, void (* _Nonnull __init_routine)(void));
      |     ^
1 error generated.
ninja: build stopped: subcommand failed.


Source file was:
#include <pthread.h>

static void* test_func(void* data)
{
  return data;
}

int main(void)
{
  pthread_t thread;
  pthread_create(&thread, NULL, test_func, NULL);
  pthread_detach(thread);
  pthread_cancel(thread);
  pthread_join(thread, NULL);
  pthread_atfork(NULL, NULL, NULL);
  pthread_exit(NULL);

  return 0;
}

Determining if the function pthread_create exists in the pthreads failed with the following output:
Change Dir: /home/here/Documents/swirl/apps/quest-openxr-android/app/.cxx/Debug/as2w1336/arm64-v8a/CMakeFiles/CMakeTmp

Run Build Command(s):/home/here/Android/Sdk/cmake/3.22.1/bin/ninja cmTC_10ed9 && [1/2] Building C object CMakeFiles/cmTC_10ed9.dir/CheckFunctionExists.c.o
[2/2] Linking C executable cmTC_10ed9
FAILED: cmTC_10ed9 
: && /home/here/Android/Sdk/ndk/27.0.12077973/toolchains/llvm/prebuilt/linux-x86_64/bin/clang --target=aarch64-none-linux-android29 --sysroot=/home/here/Android/Sdk/ndk/27.0.12077973/toolchains/llvm/prebuilt/linux-x86_64/sysroot -g -DANDROID -fdata-sections -ffunction-sections -funwind-tables -fstack-protector-strong -no-canonical-prefixes -D_FORTIFY_SOURCE=2 -Wformat -Werror=format-security  -DCHECK_FUNCTION_EXISTS=pthread_create -Wl,--build-id=sha1 -Wl,--no-rosegment -Wl,--no-undefined-version -Wl,--fatal-warnings -Wl,--no-undefined -Qunused-arguments CMakeFiles/cmTC_10ed9.dir/CheckFunctionExists.c.o -o cmTC_10ed9  -lpthreads  -latomic -lm && :
ld.lld: error: unable to find library -lpthreads
clang: error: linker command failed with exit code 1 (use -v to see invocation)
ninja: build stopped: subcommand failed.



Determining if the function pthread_create exists in the pthread failed with the following output:
Change Dir: /home/here/Documents/swirl/apps/quest-openxr-android/app/.cxx/Debug/as2w1336/arm64-v8a/CMakeFiles/CMakeTmp

Run Build Command(s):/home/here/Android/Sdk/cmake/3.22.1/bin/ninja cmTC_53501 && [1/2] Building C object CMakeFiles/cmTC_53501.dir/CheckFunctionExists.c.o
[2/2] Linking C executable cmTC_53501
FAILED: cmTC_53501 
: && /home/here/Android/Sdk/ndk/27.0.12077973/toolchains/llvm/prebuilt/linux-x86_64/bin/clang --target=aarch64-none-linux-android29 --sysroot=/home/here/Android/Sdk/ndk/27.0.12077973/toolchains/llvm/prebuilt/linux-x86_64/sysroot -g -DANDROID -fdata-sections -ffunction-sections -funwind-tables -fstack-protector-strong -no-canonical-prefixes -D_FORTIFY_SOURCE=2 -Wformat -Werror=format-security  -DCHECK_FUNCTION_EXISTS=pthread_create -Wl,--build-id=sha1 -Wl,--no-rosegment -Wl,--no-undefined-version -Wl,--fatal-warnings -Wl,--no-undefined -Qunused-arguments CMakeFiles/cmTC_53501.dir/CheckFunctionExists.c.o -o cmTC_53501  -lpthread  -latomic -lm && :
ld.lld: error: unable to find library -lpthread
clang: error: linker command failed with exit code 1 (use -v to see invocation)
ninja: build stopped: subcommand failed.



