The target system is: Android - 1 - aarch64
The host system is: Linux - 6.18.9-3-cachyos - x86_64
Compiling the C compiler identification source file "CMakeCCompilerId.c" succeeded.
Compiler: /home/here/Android/Sdk/ndk/27.0.12077973/toolchains/llvm/prebuilt/linux-x86_64/bin/clang 
Build flags: -g;-DANDROID;-fdata-sections;-ffunction-sections;-funwind-tables;-fstack-protector-strong;-no-canonical-prefixes;-D_FORTIFY_SOURCE=2;-Wformat;-Werror=format-security;
Id flags: -c;--target=aarch64-none-linux-android29 

The output was:
0


Compilation of the C compiler identification source "CMakeCCompilerId.c" produced "CMakeCCompilerId.o"

The C compiler identification is Clang, found in "/home/here/Documents/swirl/apps/quest-openxr-android/app/.cxx/Debug/as2w1336/arm64-v8a/CMakeFiles/3.22.1-g37088a8/CompilerIdC/CMakeCCompilerId.o"

Compiling the CXX compiler identification source file "CMakeCXXCompilerId.cpp" succeeded.
Compiler: /home/here/Android/Sdk/ndk/27.0.12077973/toolchains/llvm/prebuilt/linux-x86_64/bin/clang++ 
Build flags: -g;-DANDROID;-fdata-sections;-ffunction-sections;-funwind-tables;-fstack-protector-strong;-no-canonical-prefixes;-D_FORTIFY_SOURCE=2;-Wformat;-Werror=format-security;;-std=c++14
Id flags: -c;--target=aarch64-none-linux-android29 

The output was:
0


Compilation of the CXX compiler identification source "CMakeCXXCompilerId.cpp" produced "CMakeCXXCompilerId.o"

The CXX compiler identification is Clang, found in "/home/here/Documents/swirl/apps/quest-openxr-android/app/.cxx/Debug/as2w1336/arm64-v8a/CMakeFiles/3.22.1-g37088a8/CompilerIdCXX/CMakeCXXCompilerId.o"

Detecting C compiler ABI info compiled with the following output:
Change Dir: /home/here/Documents/swirl/apps/quest-openxr-android/app/.cxx/Debug/as2w1336/arm64-v8a/CMakeFiles/CMakeTmp

Run Build Command(s):/home/here/Android/Sdk/cmake/3.22.1/bin/ninja cmTC_791f3 && [1/2] Building C object CMakeFiles/cmTC_791f3.dir/CMakeCCompilerABI.c.o
Android (12027248, +pgo, +bolt, +lto, +mlgo, based on r522817) clang version 18.0.1 (https://android.googlesource.com/toolchain/llvm-project d8003a456d14a3deb8054cdaa529ffbf02d9b262)
Target: aarch64-none-linux-android29
Thread model: posix
InstalledDir: /home/here/Android/Sdk/ndk/27.0.12077973/toolchains/llvm/prebuilt/linux-x86_64/bin
Found CUDA installation: /opt/cuda, version 
 (in-process)
 "/home/here/Android/Sdk/ndk/27.0.12077973/toolchains/llvm/prebuilt/linux-x86_64/bin/clang" -cc1 -triple aarch64-none-linux-android29 -emit-obj -mrelax-all -disable-free -clear-ast-before-backend -disable-llvm-verifier -discard-value-names -main-file-name CMakeCCompilerABI.c -mrelocation-model pic -pic-level 2 -pic-is-pie -mframe-pointer=non-leaf -ffp-contract=on -fno-rounding-math -mconstructor-aliases -funwind-tables=2 -target-cpu generic -target-feature +neon -target-feature +v8a -target-feature +fix-cortex-a53-835769 -target-abi aapcs -debug-info-kind=constructor -dwarf-version=4 -debugger-tuning=gdb -fdebug-compilation-dir=/home/here/Documents/swirl/apps/quest-openxr-android/app/.cxx/Debug/as2w1336/arm64-v8a/CMakeFiles/CMakeTmp -v -ffunction-sections -fdata-sections -fcoverage-compilation-dir=/home/here/Documents/swirl/apps/quest-openxr-android/app/.cxx/Debug/as2w1336/arm64-v8a/CMakeFiles/CMakeTmp -resource-dir /home/here/Android/Sdk/ndk/27.0.12077973/toolchains/llvm/prebuilt/linux-x86_64/lib/clang/18 -dependency-file CMakeFiles/cmTC_791f3.dir/CMakeCCompilerABI.c.o.d -MT CMakeFiles/cmTC_791f3.dir/CMakeCCompilerABI.c.o -sys-header-deps -D ANDROID -D _FORTIFY_SOURCE=2 -isysroot /home/here/Android/Sdk/ndk/27.0.12077973/toolchains/llvm/prebuilt/linux-x86_64/sysroot -internal-isystem /home/here/Android/Sdk/ndk/27.0.12077973/toolchains/llvm/prebuilt/linux-x86_64/lib/clang/18/include -internal-isystem /home/here/Android/Sdk/ndk/27.0.12077973/toolchains/llvm/prebuilt/linux-x86_64/sysroot/usr/local/include -internal-externc-isystem /home/here/Android/Sdk/ndk/27.0.12077973/toolchains/llvm/prebuilt/linux-x86_64/sysroot/usr/include/aarch64-linux-android -internal-externc-isystem /home/here/Android/Sdk/ndk/27.0.12077973/toolchains/llvm/prebuilt/linux-x86_64/sysroot/include -internal-externc-isystem /home/here/Android/Sdk/ndk/27.0.12077973/toolchains/llvm/prebuilt/linux-x86_64/sysroot/usr/include -Wformat -ferror-limit 19 -stack-protector 2 -fno-signed-char -fgnuc-version=4.2.1 -target-feature +outline-atomics -D__GCC_HAVE_DWARF2_CFI_ASM=1 -o CMakeFiles/cmTC_791f3.dir/CMakeCCompilerABI.c.o -x c /home/here/Android/Sdk/cmake/3.22.1/share/cmake-3.22/Modules/CMakeCCompilerABI.c
clang -cc1 version 18.0.1 based upon LLVM 18.0.1 default target x86_64-unknown-linux-gnu
ignoring nonexistent directory "/home/here/Android/Sdk/ndk/27.0.12077973/toolchains/llvm/prebuilt/linux-x86_64/sysroot/usr/local/include"
ignoring nonexistent directory "/home/here/Android/Sdk/ndk/27.0.12077973/toolchains/llvm/prebuilt/linux-x86_64/sysroot/include"
#include "..." search starts here:
#include <...> search starts here:
 /home/here/Android/Sdk/ndk/27.0.12077973/toolchains/llvm/prebuilt/linux-x86_64/lib/clang/18/include
 /home/here/Android/Sdk/ndk/27.0.12077973/toolchains/llvm/prebuilt/linux-x86_64/sysroot/usr/include/aarch64-linux-android
 /home/here/Android/Sdk/ndk/27.0.12077973/toolchains/llvm/prebuilt/linux-x86_64/sysroot/usr/include
End of search list.
[2/2] Linking C executable cmTC_791f3
Android (12027248, +pgo, +bolt, +lto, +mlgo, based on r522817) clang version 18.0.1 (https://android.googlesource.com/toolchain/llvm-project d8003a456d14a3deb8054cdaa529ffbf02d9b262)
Target: aarch64-none-linux-android29
Thread model: posix
InstalledDir: /home/here/Android/Sdk/ndk/27.0.12077973/toolchains/llvm/prebuilt/linux-x86_64/bin
Found CUDA installation: /opt/cuda, version 
 "/home/here/Android/Sdk/ndk/27.0.12077973/toolchains/llvm/prebuilt/linux-x86_64/bin/ld.lld" --sysroot=/home/here/Android/Sdk/ndk/27.0.12077973/toolchains/llvm/prebuilt/linux-x86_64/sysroot -EL --fix-cortex-a53-843419 -z now -z relro -z max-page-size=4096 --hash-style=gnu --eh-frame-hdr -m aarch64linux -pie -dynamic-linker /system/bin/linker64 -o cmTC_791f3 /home/here/Android/Sdk/ndk/27.0.12077973/toolchains/llvm/prebuilt/linux-x86_64/sysroot/usr/lib/aarch64-linux-android/29/crtbegin_dynamic.o -L/home/here/Android/Sdk/ndk/27.0.12077973/toolchains/llvm/prebuilt/linux-x86_64/lib/clang/18/lib/linux/aarch64 -L/home/here/Android/Sdk/ndk/27.0.12077973/toolchains/llvm/prebuilt/linux-x86_64/sysroot/usr/lib/aarch64-linux-android/29 -L/home/here/Android/Sdk/ndk/27.0.12077973/toolchains/llvm/prebuilt/linux-x86_64/sysroot/usr/lib/aarch64-linux-android -L/home/here/Android/Sdk/ndk/27.0.12077973/toolchains/llvm/prebuilt/linux-x86_64/sysroot/usr/lib --build-id=sha1 --no-rosegment --no-undefined-version --fatal-warnings --no-undefined CMakeFiles/cmTC_791f3.dir/CMakeCCompilerABI.c.o /home/here/Android/Sdk/ndk/27.0.12077973/toolchains/llvm/prebuilt/linux-x86_64/lib/clang/18/lib/linux/libclang_rt.builtins-aarch64-android.a -l:libunwind.a -ldl -lc /home/here/Android/Sdk/ndk/27.0.12077973/toolchains/llvm/prebuilt/linux-x86_64/lib/clang/18/lib/linux/libclang_rt.builtins-aarch64-android.a -l:libunwind.a -ldl /home/here/Android/Sdk/ndk/27.0.12077973/toolchains/llvm/prebuilt/linux-x86_64/sysroot/usr/lib/aarch64-linux-android/29/crtend_android.o



Parsed C implicit include dir info from above output: rv=done
  found start of include info
  found start of implicit include info
    add: [/home/here/Android/Sdk/ndk/27.0.12077973/toolchains/llvm/prebuilt/linux-x86_64/lib/clang/18/include]
    add: [/home/here/Android/Sdk/ndk/27.0.12077973/toolchains/llvm/prebuilt/linux-x86_64/sysroot/usr/include/aarch64-linux-android]
    add: [/home/here/Android/Sdk/ndk/27.0.12077973/toolchains/llvm/prebuilt/linux-x86_64/sysroot/usr/include]
  end of search list found
  collapse include dir [/home/here/Android/Sdk/ndk/27.0.12077973/toolchains/llvm/prebuilt/linux-x86_64/lib/clang/18/include] ==> [/home/here/Android/Sdk/ndk/27.0.12077973/toolchains/llvm/prebuilt/linux-x86_64/lib/clang/18/include]
  collapse include dir [/home/here/Android/Sdk/ndk/27.0.12077973/toolchains/llvm/prebuilt/linux-x86_64/sysroot/usr/include/aarch64-linux-android] ==> [/home/here/Android/Sdk/ndk/27.0.12077973/toolchains/llvm/prebuilt/linux-x86_64/sysroot/usr/include/aarch64-linux-android]
  collapse include dir [/home/here/Android/Sdk/ndk/27.0.12077973/toolchains/llvm/prebuilt/linux-x86_64/sysroot/usr/include] ==> [/home/here/Android/Sdk/ndk/27.0.12077973/toolchains/llvm/prebuilt/linux-x86_64/sysroot/usr/include]
  implicit include dirs: [/home/here/Android/Sdk/ndk/27.0.12077973/toolchains/llvm/prebuilt/linux-x86_64/lib/clang/18/include;/home/here/Android/Sdk/ndk/27.0.12077973/toolchains/llvm/prebuilt/linux-x86_64/sysroot/usr/include/aarch64-linux-android;/home/here/Android/Sdk/ndk/27.0.12077973/toolchains/llvm/prebuilt/linux-x86_64/sysroot/usr/include]


Parsed C implicit link information from above output:
  link line regex: [^( *|.*[/\])(ld\.lld|CMAKE_LINK_STARTFILE-NOTFOUND|([^/\]+-)?ld|collect2)[^/\]*( |$)]
  ignore line: [Change Dir: /home/here/Documents/swirl/apps/quest-openxr-android/app/.cxx/Debug/as2w1336/arm64-v8a/CMakeFiles/CMakeTmp]
  ignore line: []
  ignore line: [Run Build Command(s):/home/here/Android/Sdk/cmake/3.22.1/bin/ninja cmTC_791f3 && [1/2] Building C object CMakeFiles/cmTC_791f3.dir/CMakeCCompilerABI.c.o]
  ignore line: [Android (12027248  +pgo  +bolt  +lto  +mlgo  based on r522817) clang version 18.0.1 (https://android.googlesource.com/toolchain/llvm-project d8003a456d14a3deb8054cdaa529ffbf02d9b262)]
  ignore line: [Target: aarch64-none-linux-android29]
  ignore line: [Thread model: posix]
  ignore line: [InstalledDir: /home/here/Android/Sdk/ndk/27.0.12077973/toolchains/llvm/prebuilt/linux-x86_64/bin]
  ignore line: [Found CUDA installation: /opt/cuda  version ]
  ignore line: [ (in-process)]
  ignore line: [ "/home/here/Android/Sdk/ndk/27.0.12077973/toolchains/llvm/prebuilt/linux-x86_64/bin/clang" -cc1 -triple aarch64-none-linux-android29 -emit-obj -mrelax-all -disable-free -clear-ast-before-backend -disable-llvm-verifier -discard-value-names -main-file-name CMakeCCompilerABI.c -mrelocation-model pic -pic-level 2 -pic-is-pie -mframe-pointer=non-leaf -ffp-contract=on -fno-rounding-math -mconstructor-aliases -funwind-tables=2 -target-cpu generic -target-feature +neon -target-feature +v8a -target-feature +fix-cortex-a53-835769 -target-abi aapcs -debug-info-kind=constructor -dwarf-version=4 -debugger-tuning=gdb -fdebug-compilation-dir=/home/here/Documents/swirl/apps/quest-openxr-android/app/.cxx/Debug/as2w1336/arm64-v8a/CMakeFiles/CMakeTmp -v -ffunction-sections -fdata-sections -fcoverage-compilation-dir=/home/here/Documents/swirl/apps/quest-openxr-android/app/.cxx/Debug/as2w1336/arm64-v8a/CMakeFiles/CMakeTmp -resource-dir /home/here/Android/Sdk/ndk/27.0.12077973/toolchains/llvm/prebuilt/linux-x86_64/lib/clang/18 -dependency-file CMakeFiles/cmTC_791f3.dir/CMakeCCompilerABI.c.o.d -MT CMakeFiles/cmTC_791f3.dir/CMakeCCompilerABI.c.o -sys-header-deps -D ANDROID -D _FORTIFY_SOURCE=2 -isysroot /home/here/Android/Sdk/ndk/27.0.12077973/toolchains/llvm/prebuilt/linux-x86_64/sysroot -internal-isystem /home/here/Android/Sdk/ndk/27.0.12077973/toolchains/llvm/prebuilt/linux-x86_64/lib/clang/18/include -internal-isystem /home/here/Android/Sdk/ndk/27.0.12077973/toolchains/llvm/prebuilt/linux-x86_64/sysroot/usr/local/include -internal-externc-isystem /home/here/Android/Sdk/ndk/27.0.12077973/toolchains/llvm/prebuilt/linux-x86_64/sysroot/usr/include/aarch64-linux-android -internal-externc-isystem /home/here/Android/Sdk/ndk/27.0.12077973/toolchains/llvm/prebuilt/linux-x86_64/sysroot/include -internal-externc-isystem /home/here/Android/Sdk/ndk/27.0.12077973/toolchains/llvm/prebuilt/linux-x86_64/sysroot/usr/include -Wformat -ferror-limit 19 -stack-protector 2 -fno-signed-char -fgnuc-version=4.2.1 -target-feature +outline-atomics -D__GCC_HAVE_DWARF2_CFI_ASM=1 -o CMakeFiles/cmTC_791f3.dir/CMakeCCompilerABI.c.o -x c /home/here/Android/Sdk/cmake/3.22.1/share/cmake-3.22/Modules/CMakeCCompilerABI.c]
  ignore line: [clang -cc1 version 18.0.1 based upon LLVM 18.0.1 default target x86_64-unknown-linux-gnu]
  ignore line: [ignoring nonexistent directory "/home/here/Android/Sdk/ndk/27.0.12077973/toolchains/llvm/prebuilt/linux-x86_64/sysroot/usr/local/include"]
  ignore line: [ignoring nonexistent directory "/home/here/Android/Sdk/ndk/27.0.12077973/toolchains/llvm/prebuilt/linux-x86_64/sysroot/include"]
  ignore line: [#include "..." search starts here:]
  ignore line: [#include <...> search starts here:]
  ignore line: [ /home/here/Android/Sdk/ndk/27.0.12077973/toolchains/llvm/prebuilt/linux-x86_64/lib/clang/18/include]
  ignore line: [ /home/here/Android/Sdk/ndk/27.0.12077973/toolchains/llvm/prebuilt/linux-x86_64/sysroot/usr/include/aarch64-linux-android]
  ignore line: [ /home/here/Android/Sdk/ndk/27.0.12077973/toolchains/llvm/prebuilt/linux-x86_64/sysroot/usr/include]
  ignore line: [End of search list.]
  ignore line: [[2/2] Linking C executable cmTC_791f3]
  ignore line: [Android (12027248  +pgo  +bolt  +lto  +mlgo  based on r522817) clang version 18.0.1 (https://android.googlesource.com/toolchain/llvm-project d8003a456d14a3deb8054cdaa529ffbf02d9b262)]
  ignore line: [Target: aarch64-none-linux-android29]
  ignore line: [Thread model: posix]
  ignore line: [InstalledDir: /home/here/Android/Sdk/ndk/27.0.12077973/toolchains/llvm/prebuilt/linux-x86_64/bin]
  ignore line: [Found CUDA installation: /opt/cuda  version ]
  link line: [ "/home/here/Android/Sdk/ndk/27.0.12077973/toolchains/llvm/prebuilt/linux-x86_64/bin/ld.lld" --sysroot=/home/here/Android/Sdk/ndk/27.0.12077973/toolchains/llvm/prebuilt/linux-x86_64/sysroot -EL --fix-cortex-a53-843419 -z now -z relro -z max-page-size=4096 --hash-style=gnu --eh-frame-hdr -m aarch64linux -pie -dynamic-linker /system/bin/linker64 -o cmTC_791f3 /home/here/Android/Sdk/ndk/27.0.12077973/toolchains/llvm/prebuilt/linux-x86_64/sysroot/usr/lib/aarch64-linux-android/29/crtbegin_dynamic.o -L/home/here/Android/Sdk/ndk/27.0.12077973/toolchains/llvm/prebuilt/linux-x86_64/lib/clang/18/lib/linux/aarch64 -L/home/here/Android/Sdk/ndk/27.0.12077973/toolchains/llvm/prebuilt/linux-x86_64/sysroot/usr/lib/aarch64-linux-android/29 -L/home/here/Android/Sdk/ndk/27.0.12077973/toolchains/llvm/prebuilt/linux-x86_64/sysroot/usr/lib/aarch64-linux-android -L/home/here/Android/Sdk/ndk/27.0.12077973/toolchains/llvm/prebuilt/linux-x86_64/sysroot/usr/lib --build-id=sha1 --no-rosegment --no-undefined-version --fatal-warnings --no-undefined CMakeFiles/cmTC_791f3.dir/CMakeCCompilerABI.c.o /home/here/Android/Sdk/ndk/27.0.12077973/toolchains/llvm/prebuilt/linux-x86_64/lib/clang/18/lib/linux/libclang_rt.builtins-aarch64-android.a -l:libunwind.a -ldl -lc /home/here/Android/Sdk/ndk/27.0.12077973/toolchains/llvm/prebuilt/linux-x86_64/lib/clang/18/lib/linux/libclang_rt.builtins-aarch64-android.a -l:libunwind.a -ldl /home/here/Android/Sdk/ndk/27.0.12077973/toolchains/llvm/prebuilt/linux-x86_64/sysroot/usr/lib/aarch64-linux-android/29/crtend_android.o]
    arg [/home/here/Android/Sdk/ndk/27.0.12077973/toolchains/llvm/prebuilt/linux-x86_64/bin/ld.lld] ==> ignore
    arg [--sysroot=/home/here/Android/Sdk/ndk/27.0.12077973/toolchains/llvm/prebuilt/linux-x86_64/sysroot] ==> ignore
    arg [-EL] ==> ignore
    arg [--fix-cortex-a53-843419] ==> ignore
    arg [-znow] ==> ignore
    arg [-zrelro] ==> ignore
    arg [-zmax-page-size=4096] ==> ignore
    arg [--hash-style=gnu] ==> ignore
    arg [--eh-frame-hdr] ==> ignore
    arg [-m] ==> ignore
    arg [aarch64linux] ==> ignore
    arg [-pie] ==> ignore
    arg [-dynamic-linker] ==> ignore
    arg [/system/bin/linker64] ==> ignore
    arg [-o] ==> ignore
    arg [cmTC_791f3] ==> ignore
    arg [/home/here/Android/Sdk/ndk/27.0.12077973/toolchains/llvm/prebuilt/linux-x86_64/sysroot/usr/lib/aarch64-linux-android/29/crtbegin_dynamic.o] ==> obj [/home/here/Android/Sdk/ndk/27.0.12077973/toolchains/llvm/prebuilt/linux-x86_64/sysroot/usr/lib/aarch64-linux-android/29/crtbegin_dynamic.o]
    arg [-L/home/here/Android/Sdk/ndk/27.0.12077973/toolchains/llvm/prebuilt/linux-x86_64/lib/clang/18/lib/linux/aarch64] ==> dir [/home/here/Android/Sdk/ndk/27.0.12077973/toolchains/llvm/prebuilt/linux-x86_64/lib/clang/18/lib/linux/aarch64]
    arg [-L/home/here/Android/Sdk/ndk/27.0.12077973/toolchains/llvm/prebuilt/linux-x86_64/sysroot/usr/lib/aarch64-linux-android/29] ==> dir [/home/here/Android/Sdk/ndk/27.0.12077973/toolchains/llvm/prebuilt/linux-x86_64/sysroot/usr/lib/aarch64-linux-android/29]
    arg [-L/home/here/Android/Sdk/ndk/27.0.12077973/toolchains/llvm/prebuilt/linux-x86_64/sysroot/usr/lib/aarch64-linux-android] ==> dir [/home/here/Android/Sdk/ndk/27.0.12077973/toolchains/llvm/prebuilt/linux-x86_64/sysroot/usr/lib/aarch64-linux-android]
    arg [-L/home/here/Android/Sdk/ndk/27.0.12077973/toolchains/llvm/prebuilt/linux-x86_64/sysroot/usr/lib] ==> dir [/home/here/Android/Sdk/ndk/27.0.12077973/toolchains/llvm/prebuilt/linux-x86_64/sysroot/usr/lib]
    arg [--build-id=sha1] ==> ignore
    arg [--no-rosegment] ==> ignore
    arg [--no-undefined-version] ==> ignore
    arg [--fatal-warnings] ==> ignore
    arg [--no-undefined] ==> ignore
    arg [CMakeFiles/cmTC_791f3.dir/CMakeCCompilerABI.c.o] ==> ignore
    arg [/home/here/Android/Sdk/ndk/27.0.12077973/toolchains/llvm/prebuilt/linux-x86_64/lib/clang/18/lib/linux/libclang_rt.builtins-aarch64-android.a] ==> lib [/home/here/Android/Sdk/ndk/27.0.12077973/toolchains/llvm/prebuilt/linux-x86_64/lib/clang/18/lib/linux/libclang_rt.builtins-aarch64-android.a]
    arg [-l:libunwind.a] ==> lib [-l:libunwind.a]
    arg [-ldl] ==> lib [dl]
    arg [-lc] ==> lib [c]
    arg [/home/here/Android/Sdk/ndk/27.0.12077973/toolchains/llvm/prebuilt/linux-x86_64/lib/clang/18/lib/linux/libclang_rt.builtins-aarch64-android.a] ==> lib [/home/here/Android/Sdk/ndk/27.0.12077973/toolchains/llvm/prebuilt/linux-x86_64/lib/clang/18/lib/linux/libclang_rt.builtins-aarch64-android.a]
    arg [-l:libunwind.a] ==> lib [-l:libunwind.a]
    arg [-ldl] ==> lib [dl]
    arg [/home/here/Android/Sdk/ndk/27.0.12077973/toolchains/llvm/prebuilt/linux-x86_64/sysroot/usr/lib/aarch64-linux-android/29/crtend_android.o] ==> obj [/home/here/Android/Sdk/ndk/27.0.12077973/toolchains/llvm/prebuilt/linux-x86_64/sysroot/usr/lib/aarch64-linux-android/29/crtend_android.o]
  remove lib [/home/here/Android/Sdk/ndk/27.0.12077973/toolchains/llvm/prebuilt/linux-x86_64/lib/clang/18/lib/linux/libclang_rt.builtins-aarch64-android.a]
  remove lib [/home/here/Android/Sdk/ndk/27.0.12077973/toolchains/llvm/prebuilt/linux-x86_64/lib/clang/18/lib/linux/libclang_rt.builtins-aarch64-android.a]
  collapse library dir [/home/here/Android/Sdk/ndk/27.0.12077973/toolchains/llvm/prebuilt/linux-x86_64/lib/clang/18/lib/linux/aarch64] ==> [/home/here/Android/Sdk/ndk/27.0.12077973/toolchains/llvm/prebuilt/linux-x86_64/lib/clang/18/lib/linux/aarch64]
  collapse library dir [/home/here/Android/Sdk/ndk/27.0.12077973/toolchains/llvm/prebuilt/linux-x86_64/sysroot/usr/lib/aarch64-linux-android/29] ==> [/home/here/Android/Sdk/ndk/27.0.12077973/toolchains/llvm/prebuilt/linux-x86_64/sysroot/usr/lib/aarch64-linux-android/29]
  collapse library dir [/home/here/Android/Sdk/ndk/27.0.12077973/toolchains/llvm/prebuilt/linux-x86_64/sysroot/usr/lib/aarch64-linux-android] ==> [/home/here/Android/Sdk/ndk/27.0.12077973/toolchains/llvm/prebuilt/linux-x86_64/sysroot/usr/lib/aarch64-linux-android]
  collapse library dir [/home/here/Android/Sdk/ndk/27.0.12077973/toolchains/llvm/prebuilt/linux-x86_64/sysroot/usr/lib] ==> [/home/here/Android/Sdk/ndk/27.0.12077973/toolchains/llvm/prebuilt/linux-x86_64/sysroot/usr/lib]
  implicit libs: [-l:libunwind.a;dl;c;-l:libunwind.a;dl]
  implicit objs: [/home/here/Android/Sdk/ndk/27.0.12077973/toolchains/llvm/prebuilt/linux-x86_64/sysroot/usr/lib/aarch64-linux-android/29/crtbegin_dynamic.o;/home/here/Android/Sdk/ndk/27.0.12077973/toolchains/llvm/prebuilt/linux-x86_64/sysroot/usr/lib/aarch64-linux-android/29/crtend_android.o]
  implicit dirs: [/home/here/Android/Sdk/ndk/27.0.12077973/toolchains/llvm/prebuilt/linux-x86_64/lib/clang/18/lib/linux/aarch64;/home/here/Android/Sdk/ndk/27.0.12077973/toolchains/llvm/prebuilt/linux-x86_64/sysroot/usr/lib/aarch64-linux-android/29;/home/here/Android/Sdk/ndk/27.0.12077973/toolchains/llvm/prebuilt/linux-x86_64/sysroot/usr/lib/aarch64-linux-android;/home/here/Android/Sdk/ndk/27.0.12077973/toolchains/llvm/prebuilt/linux-x86_64/sysroot/usr/lib]
  implicit fwks: []


Detecting CXX compiler ABI info compiled with the following output:
Change Dir: /home/here/Documents/swirl/apps/quest-openxr-android/app/.cxx/Debug/as2w1336/arm64-v8a/CMakeFiles/CMakeTmp

Run Build Command(s):/home/here/Android/Sdk/cmake/3.22.1/bin/ninja cmTC_1fa63 && [1/2] Building CXX object CMakeFiles/cmTC_1fa63.dir/CMakeCXXCompilerABI.cpp.o
Android (12027248, +pgo, +bolt, +lto, +mlgo, based on r522817) clang version 18.0.1 (https://android.googlesource.com/toolchain/llvm-project d8003a456d14a3deb8054cdaa529ffbf02d9b262)
Target: aarch64-none-linux-android29
Thread model: posix
InstalledDir: /home/here/Android/Sdk/ndk/27.0.12077973/toolchains/llvm/prebuilt/linux-x86_64/bin
Found CUDA installation: /opt/cuda, version 
 (in-process)
 "/home/here/Android/Sdk/ndk/27.0.12077973/toolchains/llvm/prebuilt/linux-x86_64/bin/clang++" -cc1 -triple aarch64-none-linux-android29 -emit-obj -mrelax-all -disable-free -clear-ast-before-backend -disable-llvm-verifier -discard-value-names -main-file-name CMakeCXXCompilerABI.cpp -mrelocation-model pic -pic-level 2 -pic-is-pie -mframe-pointer=non-leaf -ffp-contract=on -fno-rounding-math -mconstructor-aliases -funwind-tables=2 -target-cpu generic -target-feature +neon -target-feature +v8a -target-feature +fix-cortex-a53-835769 -target-abi aapcs -debug-info-kind=constructor -dwarf-version=4 -debugger-tuning=gdb -fdebug-compilation-dir=/home/here/Documents/swirl/apps/quest-openxr-android/app/.cxx/Debug/as2w1336/arm64-v8a/CMakeFiles/CMakeTmp -v -ffunction-sections -fdata-sections -fcoverage-compilation-dir=/home/here/Documents/swirl/apps/quest-openxr-android/app/.cxx/Debug/as2w1336/arm64-v8a/CMakeFiles/CMakeTmp -resource-dir /home/here/Android/Sdk/ndk/27.0.12077973/toolchains/llvm/prebuilt/linux-x86_64/lib/clang/18 -dependency-file CMakeFiles/cmTC_1fa63.dir/CMakeCXXCompilerABI.cpp.o.d -MT CMakeFiles/cmTC_1fa63.dir/CMakeCXXCompilerABI.cpp.o -sys-header-deps -D ANDROID -D _FORTIFY_SOURCE=2 -isysroot /home/here/Android/Sdk/ndk/27.0.12077973/toolchains/llvm/prebuilt/linux-x86_64/sysroot -internal-isystem /home/here/Android/Sdk/ndk/27.0.12077973/toolchains/llvm/prebuilt/linux-x86_64/sysroot/usr/include/c++/v1 -internal-isystem /home/here/Android/Sdk/ndk/27.0.12077973/toolchains/llvm/prebuilt/linux-x86_64/lib/clang/18/include -internal-isystem /home/here/Android/Sdk/ndk/27.0.12077973/toolchains/llvm/prebuilt/linux-x86_64/sysroot/usr/local/include -internal-externc-isystem /home/here/Android/Sdk/ndk/27.0.12077973/toolchains/llvm/prebuilt/linux-x86_64/sysroot/usr/include/aarch64-linux-android -internal-externc-isystem /home/here/Android/Sdk/ndk/27.0.12077973/toolchains/llvm/prebuilt/linux-x86_64/sysroot/include -internal-externc-isystem /home/here/Android/Sdk/ndk/27.0.12077973/toolchains/llvm/prebuilt/linux-x86_64/sysroot/usr/include -Wformat -std=c++14 -fdeprecated-macro -ferror-limit 19 -stack-protector 2 -fno-signed-char -fgnuc-version=4.2.1 -fcxx-exceptions -fexceptions -target-feature +outline-atomics -D__GCC_HAVE_DWARF2_CFI_ASM=1 -o CMakeFiles/cmTC_1fa63.dir/CMakeCXXCompilerABI.cpp.o -x c++ /home/here/Android/Sdk/cmake/3.22.1/share/cmake-3.22/Modules/CMakeCXXCompilerABI.cpp
clang -cc1 version 18.0.1 based upon LLVM 18.0.1 default target x86_64-unknown-linux-gnu
ignoring nonexistent directory "/home/here/Android/Sdk/ndk/27.0.12077973/toolchains/llvm/prebuilt/linux-x86_64/sysroot/usr/local/include"
ignoring nonexistent directory "/home/here/Android/Sdk/ndk/27.0.12077973/toolchains/llvm/prebuilt/linux-x86_64/sysroot/include"
#include "..." search starts here:
#include <...> search starts here:
 /home/here/Android/Sdk/ndk/27.0.12077973/toolchains/llvm/prebuilt/linux-x86_64/sysroot/usr/include/c++/v1
 /home/here/Android/Sdk/ndk/27.0.12077973/toolchains/llvm/prebuilt/linux-x86_64/lib/clang/18/include
 /home/here/Android/Sdk/ndk/27.0.12077973/toolchains/llvm/prebuilt/linux-x86_64/sysroot/usr/include/aarch64-linux-android
 /home/here/Android/Sdk/ndk/27.0.12077973/toolchains/llvm/prebuilt/linux-x86_64/sysroot/usr/include
End of search list.
[2/2] Linking CXX executable cmTC_1fa63
Android (12027248, +pgo, +bolt, +lto, +mlgo, based on r522817) clang version 18.0.1 (https://android.googlesource.com/toolchain/llvm-project d8003a456d14a3deb8054cdaa529ffbf02d9b262)
Target: aarch64-none-linux-android29
Thread model: posix
InstalledDir: /home/here/Android/Sdk/ndk/27.0.12077973/toolchains/llvm/prebuilt/linux-x86_64/bin
Found CUDA installation: /opt/cuda, version 
 "/home/here/Android/Sdk/ndk/27.0.12077973/toolchains/llvm/prebuilt/linux-x86_64/bin/ld.lld" --sysroot=/home/here/Android/Sdk/ndk/27.0.12077973/toolchains/llvm/prebuilt/linux-x86_64/sysroot -EL --fix-cortex-a53-843419 -z now -z relro -z max-page-size=4096 --hash-style=gnu --eh-frame-hdr -m aarch64linux -pie -dynamic-linker /system/bin/linker64 -o cmTC_1fa63 /home/here/Android/Sdk/ndk/27.0.12077973/toolchains/llvm/prebuilt/linux-x86_64/sysroot/usr/lib/aarch64-linux-android/29/crtbegin_dynamic.o -L/home/here/Android/Sdk/ndk/27.0.12077973/toolchains/llvm/prebuilt/linux-x86_64/lib/clang/18/lib/linux/aarch64 -L/home/here/Android/Sdk/ndk/27.0.12077973/toolchains/llvm/prebuilt/linux-x86_64/sysroot/usr/lib/aarch64-linux-android/29 -L/home/here/Android/Sdk/ndk/27.0.12077973/toolchains/llvm/prebuilt/linux-x86_64/sysroot/usr/lib/aarch64-linux-android -L/home/here/Android/Sdk/ndk/27.0.12077973/toolchains/llvm/prebuilt/linux-x86_64/sysroot/usr/lib --build-id=sha1 --no-rosegment --no-undefined-version --fatal-warnings --no-undefined CMakeFiles/cmTC_1fa63.dir/CMakeCXXCompilerABI.cpp.o -lc++ -lm /home/here/Android/Sdk/ndk/27.0.12077973/toolchains/llvm/prebuilt/linux-x86_64/lib/clang/18/lib/linux/libclang_rt.builtins-aarch64-android.a -l:libunwind.a -ldl -lc /home/here/Android/Sdk/ndk/27.0.12077973/toolchains/llvm/prebuilt/linux-x86_64/lib/clang/18/lib/linux/libclang_rt.builtins-aarch64-android.a -l:libunwind.a -ldl /home/here/Android/Sdk/ndk/27.0.12077973/toolchains/llvm/prebuilt/linux-x86_64/sysroot/usr/lib/aarch64-linux-android/29/crtend_android.o



Parsed CXX implicit include dir info from above output: rv=done
  found start of include info
  found start of implicit include info
    add: [/home/here/Android/Sdk/ndk/27.0.12077973/toolchains/llvm/prebuilt/linux-x86_64/sysroot/usr/include/c++/v1]
    add: [/home/here/Android/Sdk/ndk/27.0.12077973/toolchains/llvm/prebuilt/linux-x86_64/lib/clang/18/include]
    add: [/home/here/Android/Sdk/ndk/27.0.12077973/toolchains/llvm/prebuilt/linux-x86_64/sysroot/usr/include/aarch64-linux-android]
    add: [/home/here/Android/Sdk/ndk/27.0.12077973/toolchains/llvm/prebuilt/linux-x86_64/sysroot/usr/include]
  end of search list found
  collapse include dir [/home/here/Android/Sdk/ndk/27.0.12077973/toolchains/llvm/prebuilt/linux-x86_64/sysroot/usr/include/c++/v1] ==> [/home/here/Android/Sdk/ndk/27.0.12077973/toolchains/llvm/prebuilt/linux-x86_64/sysroot/usr/include/c++/v1]
  collapse include dir [/home/here/Android/Sdk/ndk/27.0.12077973/toolchains/llvm/prebuilt/linux-x86_64/lib/clang/18/include] ==> [/home/here/Android/Sdk/ndk/27.0.12077973/toolchains/llvm/prebuilt/linux-x86_64/lib/clang/18/include]
  collapse include dir [/home/here/Android/Sdk/ndk/27.0.12077973/toolchains/llvm/prebuilt/linux-x86_64/sysroot/usr/include/aarch64-linux-android] ==> [/home/here/Android/Sdk/ndk/27.0.12077973/toolchains/llvm/prebuilt/linux-x86_64/sysroot/usr/include/aarch64-linux-android]
  collapse include dir [/home/here/Android/Sdk/ndk/27.0.12077973/toolchains/llvm/prebuilt/linux-x86_64/sysroot/usr/include] ==> [/home/here/Android/Sdk/ndk/27.0.12077973/toolchains/llvm/prebuilt/linux-x86_64/sysroot/usr/include]
  implicit include dirs: [/home/here/Android/Sdk/ndk/27.0.12077973/toolchains/llvm/prebuilt/linux-x86_64/sysroot/usr/include/c++/v1;/home/here/Android/Sdk/ndk/27.0.12077973/toolchains/llvm/prebuilt/linux-x86_64/lib/clang/18/include;/home/here/Android/Sdk/ndk/27.0.12077973/toolchains/llvm/prebuilt/linux-x86_64/sysroot/usr/include/aarch64-linux-android;/home/here/Android/Sdk/ndk/27.0.12077973/toolchains/llvm/prebuilt/linux-x86_64/sysroot/usr/include]


Parsed CXX implicit link information from above output:
  link line regex: [^( *|.*[/\])(ld\.lld|CMAKE_LINK_STARTFILE-NOTFOUND|([^/\]+-)?ld|collect2)[^/\]*( |$)]
  ignore line: [Change Dir: /home/here/Documents/swirl/apps/quest-openxr-android/app/.cxx/Debug/as2w1336/arm64-v8a/CMakeFiles/CMakeTmp]
  ignore line: []
  ignore line: [Run Build Command(s):/home/here/Android/Sdk/cmake/3.22.1/bin/ninja cmTC_1fa63 && [1/2] Building CXX object CMakeFiles/cmTC_1fa63.dir/CMakeCXXCompilerABI.cpp.o]
  ignore line: [Android (12027248  +pgo  +bolt  +lto  +mlgo  based on r522817) clang version 18.0.1 (https://android.googlesource.com/toolchain/llvm-project d8003a456d14a3deb8054cdaa529ffbf02d9b262)]
  ignore line: [Target: aarch64-none-linux-android29]
  ignore line: [Thread model: posix]
  ignore line: [InstalledDir: /home/here/Android/Sdk/ndk/27.0.12077973/toolchains/llvm/prebuilt/linux-x86_64/bin]
  ignore line: [Found CUDA installation: /opt/cuda  version ]
  ignore line: [ (in-process)]
  ignore line: [ "/home/here/Android/Sdk/ndk/27.0.12077973/toolchains/llvm/prebuilt/linux-x86_64/bin/clang++" -cc1 -triple aarch64-none-linux-android29 -emit-obj -mrelax-all -disable-free -clear-ast-before-backend -disable-llvm-verifier -discard-value-names -main-file-name CMakeCXXCompilerABI.cpp -mrelocation-model pic -pic-level 2 -pic-is-pie -mframe-pointer=non-leaf -ffp-contract=on -fno-rounding-math -mconstructor-aliases -funwind-tables=2 -target-cpu generic -target-feature +neon -target-feature +v8a -target-feature +fix-cortex-a53-835769 -target-abi aapcs -debug-info-kind=constructor -dwarf-version=4 -debugger-tuning=gdb -fdebug-compilation-dir=/home/here/Documents/swirl/apps/quest-openxr-android/app/.cxx/Debug/as2w1336/arm64-v8a/CMakeFiles/CMakeTmp -v -ffunction-sections -fdata-sections -fcoverage-compilation-dir=/home/here/Documents/swirl/apps/quest-openxr-android/app/.cxx/Debug/as2w1336/arm64-v8a/CMakeFiles/CMakeTmp -resource-dir /home/here/Android/Sdk/ndk/27.0.12077973/toolchains/llvm/prebuilt/linux-x86_64/lib/clang/18 -dependency-file CMakeFiles/cmTC_1fa63.dir/CMakeCXXCompilerABI.cpp.o.d -MT CMakeFiles/cmTC_1fa63.dir/CMakeCXXCompilerABI.cpp.o -sys-header-deps -D ANDROID -D _FORTIFY_SOURCE=2 -isysroot /home/here/Android/Sdk/ndk/27.0.12077973/toolchains/llvm/prebuilt/linux-x86_64/sysroot -internal-isystem /home/here/Android/Sdk/ndk/27.0.12077973/toolchains/llvm/prebuilt/linux-x86_64/sysroot/usr/include/c++/v1 -internal-isystem /home/here/Android/Sdk/ndk/27.0.12077973/toolchains/llvm/prebuilt/linux-x86_64/lib/clang/18/include -internal-isystem /home/here/Android/Sdk/ndk/27.0.12077973/toolchains/llvm/prebuilt/linux-x86_64/sysroot/usr/local/include -internal-externc-isystem /home/here/Android/Sdk/ndk/27.0.12077973/toolchains/llvm/prebuilt/linux-x86_64/sysroot/usr/include/aarch64-linux-android -internal-externc-isystem /home/here/Android/Sdk/ndk/27.0.12077973/toolchains/llvm/prebuilt/linux-x86_64/sysroot/include -internal-externc-isystem /home/here/Android/Sdk/ndk/27.0.12077973/toolchains/llvm/prebuilt/linux-x86_64/sysroot/usr/include -Wformat -std=c++14 -fdeprecated-macro -ferror-limit 19 -stack-protector 2 -fno-signed-char -fgnuc-version=4.2.1 -fcxx-exceptions -fexceptions -target-feature +outline-atomics -D__GCC_HAVE_DWARF2_CFI_ASM=1 -o CMakeFiles/cmTC_1fa63.dir/CMakeCXXCompilerABI.cpp.o -x c++ /home/here/Android/Sdk/cmake/3.22.1/share/cmake-3.22/Modules/CMakeCXXCompilerABI.cpp]
  ignore line: [clang -cc1 version 18.0.1 based upon LLVM 18.0.1 default target x86_64-unknown-linux-gnu]
  ignore line: [ignoring nonexistent directory "/home/here/Android/Sdk/ndk/27.0.12077973/toolchains/llvm/prebuilt/linux-x86_64/sysroot/usr/local/include"]
  ignore line: [ignoring nonexistent directory "/home/here/Android/Sdk/ndk/27.0.12077973/toolchains/llvm/prebuilt/linux-x86_64/sysroot/include"]
  ignore line: [#include "..." search starts here:]
  ignore line: [#include <...> search starts here:]
  ignore line: [ /home/here/Android/Sdk/ndk/27.0.12077973/toolchains/llvm/prebuilt/linux-x86_64/sysroot/usr/include/c++/v1]
  ignore line: [ /home/here/Android/Sdk/ndk/27.0.12077973/toolchains/llvm/prebuilt/linux-x86_64/lib/clang/18/include]
  ignore line: [ /home/here/Android/Sdk/ndk/27.0.12077973/toolchains/llvm/prebuilt/linux-x86_64/sysroot/usr/include/aarch64-linux-android]
  ignore line: [ /home/here/Android/Sdk/ndk/27.0.12077973/toolchains/llvm/prebuilt/linux-x86_64/sysroot/usr/include]
  ignore line: [End of search list.]
  ignore line: [[2/2] Linking CXX executable cmTC_1fa63]
  ignore line: [Android (12027248  +pgo  +bolt  +lto  +mlgo  based on r522817) clang version 18.0.1 (https://android.googlesource.com/toolchain/llvm-project d8003a456d14a3deb8054cdaa529ffbf02d9b262)]
  ignore line: [Target: aarch64-none-linux-android29]
  ignore line: [Thread model: posix]
  ignore line: [InstalledDir: /home/here/Android/Sdk/ndk/27.0.12077973/toolchains/llvm/prebuilt/linux-x86_64/bin]
  ignore line: [Found CUDA installation: /opt/cuda  version ]
  link line: [ "/home/here/Android/Sdk/ndk/27.0.12077973/toolchains/llvm/prebuilt/linux-x86_64/bin/ld.lld" --sysroot=/home/here/Android/Sdk/ndk/27.0.12077973/toolchains/llvm/prebuilt/linux-x86_64/sysroot -EL --fix-cortex-a53-843419 -z now -z relro -z max-page-size=4096 --hash-style=gnu --eh-frame-hdr -m aarch64linux -pie -dynamic-linker /system/bin/linker64 -o cmTC_1fa63 /home/here/Android/Sdk/ndk/27.0.12077973/toolchains/llvm/prebuilt/linux-x86_64/sysroot/usr/lib/aarch64-linux-android/29/crtbegin_dynamic.o -L/home/here/Android/Sdk/ndk/27.0.12077973/toolchains/llvm/prebuilt/linux-x86_64/lib/clang/18/lib/linux/aarch64 -L/home/here/Android/Sdk/ndk/27.0.12077973/toolchains/llvm/prebuilt/linux-x86_64/sysroot/usr/lib/aarch64-linux-android/29 -L/home/here/Android/Sdk/ndk/27.0.12077973/toolchains/llvm/prebuilt/linux-x86_64/sysroot/usr/lib/aarch64-linux-android -L/home/here/Android/Sdk/ndk/27.0.12077973/toolchains/llvm/prebuilt/linux-x86_64/sysroot/usr/lib --build-id=sha1 --no-rosegment --no-undefined-version --fatal-warnings --no-undefined CMakeFiles/cmTC_1fa63.dir/CMakeCXXCompilerABI.cpp.o -lc++ -lm /home/here/Android/Sdk/ndk/27.0.12077973/toolchains/llvm/prebuilt/linux-x86_64/lib/clang/18/lib/linux/libclang_rt.builtins-aarch64-android.a -l:libunwind.a -ldl -lc /home/here/Android/Sdk/ndk/27.0.12077973/toolchains/llvm/prebuilt/linux-x86_64/lib/clang/18/lib/linux/libclang_rt.builtins-aarch64-android.a -l:libunwind.a -ldl /home/here/Android/Sdk/ndk/27.0.12077973/toolchains/llvm/prebuilt/linux-x86_64/sysroot/usr/lib/aarch64-linux-android/29/crtend_android.o]
    arg [/home/here/Android/Sdk/ndk/27.0.12077973/toolchains/llvm/prebuilt/linux-x86_64/bin/ld.lld] ==> ignore
    arg [--sysroot=/home/here/Android/Sdk/ndk/27.0.12077973/toolchains/llvm/prebuilt/linux-x86_64/sysroot] ==> ignore
    arg [-EL] ==> ignore
    arg [--fix-cortex-a53-843419] ==> ignore
    arg [-znow] ==> ignore
    arg [-zrelro] ==> ignore
    arg [-zmax-page-size=4096] ==> ignore
    arg [--hash-style=gnu] ==> ignore
    arg [--eh-frame-hdr] ==> ignore
    arg [-m] ==> ignore
    arg [aarch64linux] ==> ignore
    arg [-pie] ==> ignore
    arg [-dynamic-linker] ==> ignore
    arg [/system/bin/linker64] ==> ignore
    arg [-o] ==> ignore
    arg [cmTC_1fa63] ==> ignore
    arg [/home/here/Android/Sdk/ndk/27.0.12077973/toolchains/llvm/prebuilt/linux-x86_64/sysroot/usr/lib/aarch64-linux-android/29/crtbegin_dynamic.o] ==> obj [/home/here/Android/Sdk/ndk/27.0.12077973/toolchains/llvm/prebuilt/linux-x86_64/sysroot/usr/lib/aarch64-linux-android/29/crtbegin_dynamic.o]
    arg [-L/home/here/Android/Sdk/ndk/27.0.12077973/toolchains/llvm/prebuilt/linux-x86_64/lib/clang/18/lib/linux/aarch64] ==> dir [/home/here/Android/Sdk/ndk/27.0.12077973/toolchains/llvm/prebuilt/linux-x86_64/lib/clang/18/lib/linux/aarch64]
    arg [-L/home/here/Android/Sdk/ndk/27.0.12077973/toolchains/llvm/prebuilt/linux-x86_64/sysroot/usr/lib/aarch64-linux-android/29] ==> dir [/home/here/Android/Sdk/ndk/27.0.12077973/toolchains/llvm/prebuilt/linux-x86_64/sysroot/usr/lib/aarch64-linux-android/29]
    arg [-L/home/here/Android/Sdk/ndk/27.0.12077973/toolchains/llvm/prebuilt/linux-x86_64/sysroot/usr/lib/aarch64-linux-android] ==> dir [/home/here/Android/Sdk/ndk/27.0.12077973/toolchains/llvm/prebuilt/linux-x86_64/sysroot/usr/lib/aarch64-linux-android]
    arg [-L/home/here/Android/Sdk/ndk/27.0.12077973/toolchains/llvm/prebuilt/linux-x86_64/sysroot/usr/lib] ==> dir [/home/here/Android/Sdk/ndk/27.0.12077973/toolchains/llvm/prebuilt/linux-x86_64/sysroot/usr/lib]
    arg [--build-id=sha1] ==> ignore
    arg [--no-rosegment] ==> ignore
    arg [--no-undefined-version] ==> ignore
    arg [--fatal-warnings] ==> ignore
    arg [--no-undefined] ==> ignore
    arg [CMakeFiles/cmTC_1fa63.dir/CMakeCXXCompilerABI.cpp.o] ==> ignore
    arg [-lc++] ==> lib [c++]
    arg [-lm] ==> lib [m]
    arg [/home/here/Android/Sdk/ndk/27.0.12077973/toolchains/llvm/prebuilt/linux-x86_64/lib/clang/18/lib/linux/libclang_rt.builtins-aarch64-android.a] ==> lib [/home/here/Android/Sdk/ndk/27.0.12077973/toolchains/llvm/prebuilt/linux-x86_64/lib/clang/18/lib/linux/libclang_rt.builtins-aarch64-android.a]
    arg [-l:libunwind.a] ==> lib [-l:libunwind.a]
    arg [-ldl] ==> lib [dl]
    arg [-lc] ==> lib [c]
    arg [/home/here/Android/Sdk/ndk/27.0.12077973/toolchains/llvm/prebuilt/linux-x86_64/lib/clang/18/lib/linux/libclang_rt.builtins-aarch64-android.a] ==> lib [/home/here/Android/Sdk/ndk/27.0.12077973/toolchains/llvm/prebuilt/linux-x86_64/lib/clang/18/lib/linux/libclang_rt.builtins-aarch64-android.a]
    arg [-l:libunwind.a] ==> lib [-l:libunwind.a]
    arg [-ldl] ==> lib [dl]
    arg [/home/here/Android/Sdk/ndk/27.0.12077973/toolchains/llvm/prebuilt/linux-x86_64/sysroot/usr/lib/aarch64-linux-android/29/crtend_android.o] ==> obj [/home/here/Android/Sdk/ndk/27.0.12077973/toolchains/llvm/prebuilt/linux-x86_64/sysroot/usr/lib/aarch64-linux-android/29/crtend_android.o]
  remove lib [/home/here/Android/Sdk/ndk/27.0.12077973/toolchains/llvm/prebuilt/linux-x86_64/lib/clang/18/lib/linux/libclang_rt.builtins-aarch64-android.a]
  remove lib [/home/here/Android/Sdk/ndk/27.0.12077973/toolchains/llvm/prebuilt/linux-x86_64/lib/clang/18/lib/linux/libclang_rt.builtins-aarch64-android.a]
  collapse library dir [/home/here/Android/Sdk/ndk/27.0.12077973/toolchains/llvm/prebuilt/linux-x86_64/lib/clang/18/lib/linux/aarch64] ==> [/home/here/Android/Sdk/ndk/27.0.12077973/toolchains/llvm/prebuilt/linux-x86_64/lib/clang/18/lib/linux/aarch64]
  collapse library dir [/home/here/Android/Sdk/ndk/27.0.12077973/toolchains/llvm/prebuilt/linux-x86_64/sysroot/usr/lib/aarch64-linux-android/29] ==> [/home/here/Android/Sdk/ndk/27.0.12077973/toolchains/llvm/prebuilt/linux-x86_64/sysroot/usr/lib/aarch64-linux-android/29]
  collapse library dir [/home/here/Android/Sdk/ndk/27.0.12077973/toolchains/llvm/prebuilt/linux-x86_64/sysroot/usr/lib/aarch64-linux-android] ==> [/home/here/Android/Sdk/ndk/27.0.12077973/toolchains/llvm/prebuilt/linux-x86_64/sysroot/usr/lib/aarch64-linux-android]
  collapse library dir [/home/here/Android/Sdk/ndk/27.0.12077973/toolchains/llvm/prebuilt/linux-x86_64/sysroot/usr/lib] ==> [/home/here/Android/Sdk/ndk/27.0.12077973/toolchains/llvm/prebuilt/linux-x86_64/sysroot/usr/lib]
  implicit libs: [c++;m;-l:libunwind.a;dl;c;-l:libunwind.a;dl]
  implicit objs: [/home/here/Android/Sdk/ndk/27.0.12077973/toolchains/llvm/prebuilt/linux-x86_64/sysroot/usr/lib/aarch64-linux-android/29/crtbegin_dynamic.o;/home/here/Android/Sdk/ndk/27.0.12077973/toolchains/llvm/prebuilt/linux-x86_64/sysroot/usr/lib/aarch64-linux-android/29/crtend_android.o]
  implicit dirs: [/home/here/Android/Sdk/ndk/27.0.12077973/toolchains/llvm/prebuilt/linux-x86_64/lib/clang/18/lib/linux/aarch64;/home/here/Android/Sdk/ndk/27.0.12077973/toolchains/llvm/prebuilt/linux-x86_64/sysroot/usr/lib/aarch64-linux-android/29;/home/here/Android/Sdk/ndk/27.0.12077973/toolchains/llvm/prebuilt/linux-x86_64/sysroot/usr/lib/aarch64-linux-android;/home/here/Android/Sdk/ndk/27.0.12077973/toolchains/llvm/prebuilt/linux-x86_64/sysroot/usr/lib]
  implicit fwks: []


Performing C SOURCE FILE Test FAST_MATH_OPTIMIZATION_SUPPORTED succeeded with the following output:
Change Dir: /home/here/Documents/swirl/apps/quest-openxr-android/app/.cxx/Debug/as2w1336/arm64-v8a/CMakeFiles/CMakeTmp

Run Build Command(s):/home/here/Android/Sdk/cmake/3.22.1/bin/ninja cmTC_c6e2a && [1/2] Building C object CMakeFiles/cmTC_c6e2a.dir/src.c.o
[2/2] Linking C executable cmTC_c6e2a


Source file was:
int main(void) { return 0; }
Performing C SOURCE FILE Test NO_MATH_LIB_REQUIRED succeeded with the following output:
Change Dir: /home/here/Documents/swirl/apps/quest-openxr-android/app/.cxx/Debug/as2w1336/arm64-v8a/CMakeFiles/CMakeTmp

Run Build Command(s):/home/here/Android/Sdk/cmake/3.22.1/bin/ninja cmTC_f8466 && [1/2] Building C object CMakeFiles/cmTC_f8466.dir/src.c.o
[2/2] Linking C executable cmTC_f8466


Source file was:
#include <math.h>
int main() { double x = sin(1.0);return 0;}
Performing C++ SOURCE FILE Test CXXFLAG_-Wpedantic_SUPPORTED succeeded with the following output:
Change Dir: /home/here/Documents/swirl/apps/quest-openxr-android/app/.cxx/Debug/as2w1336/arm64-v8a/CMakeFiles/CMakeTmp

Run Build Command(s):/home/here/Android/Sdk/cmake/3.22.1/bin/ninja cmTC_561b0 && [1/2] Building CXX object CMakeFiles/cmTC_561b0.dir/src.cxx.o
In file included from <built-in>:445:
<command line>:3:17: warning: ISO C99 requires whitespace after the macro name [-Wc99-extensions]
    3 | #define CXXFLAG_-Wpedantic_SUPPORTED 1
      |                 ^
1 warning generated.
[2/2] Linking CXX executable cmTC_561b0


Source file was:
int main() { return 0; }
Performing C++ SOURCE FILE Test CXXFLAG_-Wextra_SUPPORTED succeeded with the following output:
Change Dir: /home/here/Documents/swirl/apps/quest-openxr-android/app/.cxx/Debug/as2w1336/arm64-v8a/CMakeFiles/CMakeTmp

Run Build Command(s):/home/here/Android/Sdk/cmake/3.22.1/bin/ninja cmTC_a4a2b && [1/2] Building CXX object CMakeFiles/cmTC_a4a2b.dir/src.cxx.o
In file included from <built-in>:445:
<command line>:3:17: warning: ISO C99 requires whitespace after the macro name [-Wc99-extensions]
    3 | #define CXXFLAG_-Wextra_SUPPORTED 1
      |                 ^
1 warning generated.
[2/2] Linking CXX executable cmTC_a4a2b


Source file was:
int main() { return 0; }
Performing C++ SOURCE FILE Test CXXFLAG_-Wall_SUPPORTED succeeded with the following output:
Change Dir: /home/here/Documents/swirl/apps/quest-openxr-android/app/.cxx/Debug/as2w1336/arm64-v8a/CMakeFiles/CMakeTmp

Run Build Command(s):/home/here/Android/Sdk/cmake/3.22.1/bin/ninja cmTC_df509 && [1/2] Building CXX object CMakeFiles/cmTC_df509.dir/src.cxx.o
In file included from <built-in>:445:
<command line>:3:17: warning: ISO C99 requires whitespace after the macro name [-Wc99-extensions]
    3 | #define CXXFLAG_-Wall_SUPPORTED 1
      |                 ^
1 warning generated.
[2/2] Linking CXX executable cmTC_df509


Source file was:
int main() { return 0; }
Performing C++ SOURCE FILE Test CXXFLAG_-Wchar-subscripts_SUPPORTED succeeded with the following output:
Change Dir: /home/here/Documents/swirl/apps/quest-openxr-android/app/.cxx/Debug/as2w1336/arm64-v8a/CMakeFiles/CMakeTmp

Run Build Command(s):/home/here/Android/Sdk/cmake/3.22.1/bin/ninja cmTC_7bd50 && [1/2] Building CXX object CMakeFiles/cmTC_7bd50.dir/src.cxx.o
In file included from <built-in>:445:
<command line>:3:17: warning: ISO C99 requires whitespace after the macro name [-Wc99-extensions]
    3 | #define CXXFLAG_-Wchar-subscripts_SUPPORTED 1
      |                 ^
1 warning generated.
[2/2] Linking CXX executable cmTC_7bd50


Source file was:
int main() { return 0; }
Performing C++ SOURCE FILE Test CXXFLAG_-Wformat-security_SUPPORTED succeeded with the following output:
Change Dir: /home/here/Documents/swirl/apps/quest-openxr-android/app/.cxx/Debug/as2w1336/arm64-v8a/CMakeFiles/CMakeTmp

Run Build Command(s):/home/here/Android/Sdk/cmake/3.22.1/bin/ninja cmTC_da2c8 && [1/2] Building CXX object CMakeFiles/cmTC_da2c8.dir/src.cxx.o
In file included from <built-in>:445:
<command line>:3:17: warning: ISO C99 requires whitespace after the macro name [-Wc99-extensions]
    3 | #define CXXFLAG_-Wformat-security_SUPPORTED 1
      |                 ^
1 warning generated.
[2/2] Linking CXX executable cmTC_da2c8


Source file was:
int main() { return 0; }
Performing C++ SOURCE FILE Test CXXFLAG_-Wpointer-arith_SUPPORTED succeeded with the following output:
Change Dir: /home/here/Documents/swirl/apps/quest-openxr-android/app/.cxx/Debug/as2w1336/arm64-v8a/CMakeFiles/CMakeTmp

Run Build Command(s):/home/here/Android/Sdk/cmake/3.22.1/bin/ninja cmTC_a4a94 && [1/2] Building CXX object CMakeFiles/cmTC_a4a94.dir/src.cxx.o
In file included from <built-in>:445:
<command line>:3:17: warning: ISO C99 requires whitespace after the macro name [-Wc99-extensions]
    3 | #define CXXFLAG_-Wpointer-arith_SUPPORTED 1
      |                 ^
1 warning generated.
[2/2] Linking CXX executable cmTC_a4a94


Source file was:
int main() { return 0; }
Performing C++ SOURCE FILE Test CXXFLAG_-Wshadow_SUPPORTED succeeded with the following output:
Change Dir: /home/here/Documents/swirl/apps/quest-openxr-android/app/.cxx/Debug/as2w1336/arm64-v8a/CMakeFiles/CMakeTmp

Run Build Command(s):/home/here/Android/Sdk/cmake/3.22.1/bin/ninja cmTC_4f26a && [1/2] Building CXX object CMakeFiles/cmTC_4f26a.dir/src.cxx.o
In file included from <built-in>:445:
<command line>:3:17: warning: ISO C99 requires whitespace after the macro name [-Wc99-extensions]
    3 | #define CXXFLAG_-Wshadow_SUPPORTED 1
      |                 ^
1 warning generated.
[2/2] Linking CXX executable cmTC_4f26a


Source file was:
int main() { return 0; }
Performing C++ SOURCE FILE Test CXXFLAG_-Wsign-compare_SUPPORTED succeeded with the following output:
Change Dir: /home/here/Documents/swirl/apps/quest-openxr-android/app/.cxx/Debug/as2w1336/arm64-v8a/CMakeFiles/CMakeTmp

Run Build Command(s):/home/here/Android/Sdk/cmake/3.22.1/bin/ninja cmTC_b51f5 && [1/2] Building CXX object CMakeFiles/cmTC_b51f5.dir/src.cxx.o
In file included from <built-in>:445:
<command line>:3:17: warning: ISO C99 requires whitespace after the macro name [-Wc99-extensions]
    3 | #define CXXFLAG_-Wsign-compare_SUPPORTED 1
      |                 ^
1 warning generated.
[2/2] Linking CXX executable cmTC_b51f5


Source file was:
int main() { return 0; }
Performing C++ SOURCE FILE Test CXXFLAG_-Wtype-limits_SUPPORTED succeeded with the following output:
Change Dir: /home/here/Documents/swirl/apps/quest-openxr-android/app/.cxx/Debug/as2w1336/arm64-v8a/CMakeFiles/CMakeTmp

Run Build Command(s):/home/here/Android/Sdk/cmake/3.22.1/bin/ninja cmTC_0b390 && [1/2] Building CXX object CMakeFiles/cmTC_0b390.dir/src.cxx.o
In file included from <built-in>:445:
<command line>:3:17: warning: ISO C99 requires whitespace after the macro name [-Wc99-extensions]
    3 | #define CXXFLAG_-Wtype-limits_SUPPORTED 1
      |                 ^
1 warning generated.
[2/2] Linking CXX executable cmTC_0b390


Source file was:
int main() { return 0; }
Performing C++ SOURCE FILE Test STD_FILESYSTEM_EXISTS succeeded with the following output:
Change Dir: /home/here/Documents/swirl/apps/quest-openxr-android/app/.cxx/Debug/as2w1336/arm64-v8a/CMakeFiles/CMakeTmp

Run Build Command(s):/home/here/Android/Sdk/cmake/3.22.1/bin/ninja cmTC_fd8e8 && [1/2] Building CXX object CMakeFiles/cmTC_fd8e8.dir/src.cxx.o
[2/2] Linking CXX executable cmTC_fd8e8


Source file was:
#include <filesystem>
        int main(){
           std::filesystem::path p;
           return 0;
        }
Performing C++ SOURCE FILE Test COMPILER_HAS_HIDDEN_VISIBILITY succeeded with the following output:
Change Dir: /home/here/Documents/swirl/apps/quest-openxr-android/app/.cxx/Debug/as2w1336/arm64-v8a/CMakeFiles/CMakeTmp

Run Build Command(s):/home/here/Android/Sdk/cmake/3.22.1/bin/ninja cmTC_8d7f1 && [1/2] Building CXX object CMakeFiles/cmTC_8d7f1.dir/src.cxx.o
[2/2] Linking CXX executable cmTC_8d7f1


Source file was:
int main() { return 0; }
Performing C++ SOURCE FILE Test COMPILER_HAS_HIDDEN_INLINE_VISIBILITY succeeded with the following output:
Change Dir: /home/here/Documents/swirl/apps/quest-openxr-android/app/.cxx/Debug/as2w1336/arm64-v8a/CMakeFiles/CMakeTmp

Run Build Command(s):/home/here/Android/Sdk/cmake/3.22.1/bin/ninja cmTC_868be && [1/2] Building CXX object CMakeFiles/cmTC_868be.dir/src.cxx.o
[2/2] Linking CXX executable cmTC_868be


Source file was:
int main() { return 0; }
Performing C++ SOURCE FILE Test COMPILER_HAS_DEPRECATED_ATTR succeeded with the following output:
Change Dir: /home/here/Documents/swirl/apps/quest-openxr-android/app/.cxx/Debug/as2w1336/arm64-v8a/CMakeFiles/CMakeTmp

Run Build Command(s):/home/here/Android/Sdk/cmake/3.22.1/bin/ninja cmTC_cc424 && [1/2] Building CXX object CMakeFiles/cmTC_cc424.dir/src.cxx.o
/home/here/Documents/swirl/apps/quest-openxr-android/app/.cxx/Debug/as2w1336/arm64-v8a/CMakeFiles/CMakeTmp/src.cxx:2:25: warning: 'somefunc' is deprecated [-Wdeprecated-declarations]
    2 |     int main() { return somefunc();}
      |                         ^
/home/here/Documents/swirl/apps/quest-openxr-android/app/.cxx/Debug/as2w1336/arm64-v8a/CMakeFiles/CMakeTmp/src.cxx:1:16: note: 'somefunc' has been explicitly marked deprecated here
    1 | __attribute__((__deprecated__)) int somefunc() { return 0; }
      |                ^
1 warning generated.
[2/2] Linking CXX executable cmTC_cc424


Source file was:
__attribute__((__deprecated__)) int somefunc() { return 0; }
    int main() { return somefunc();}
Determining if the include file pthread.h exists passed with the following output:
Change Dir: /home/here/Documents/swirl/apps/quest-openxr-android/app/.cxx/Debug/as2w1336/arm64-v8a/CMakeFiles/CMakeTmp

Run Build Command(s):/home/here/Android/Sdk/cmake/3.22.1/bin/ninja cmTC_8bc97 && [1/2] Building C object CMakeFiles/cmTC_8bc97.dir/CheckIncludeFile.c.o
[2/2] Linking C executable cmTC_8bc97



